{"/home/sabin/Desktop/pdf/fsUtils.js": {"path":"/home/sabin/Desktop/pdf/fsUtils.js","statementMap":{"0":{"start":{"line":1,"column":13},"end":{"line":1,"column":28}},"1":{"start":{"line":2,"column":11},"end":{"line":2,"column":24}},"2":{"start":{"line":3,"column":18},"end":{"line":3,"column":24}},"3":{"start":{"line":11,"column":23},"end":{"line":13,"column":1}},"4":{"start":{"line":12,"column":4},"end":{"line":12,"column":68}},"5":{"start":{"line":12,"column":35},"end":{"line":12,"column":66}},"6":{"start":{"line":21,"column":38},"end":{"line":50,"column":1}},"7":{"start":{"line":22,"column":4},"end":{"line":49,"column":5}},"8":{"start":{"line":23,"column":27},"end":{"line":23,"column":29}},"9":{"start":{"line":24,"column":8},"end":{"line":42,"column":9}},"10":{"start":{"line":25,"column":12},"end":{"line":41,"column":13}},"11":{"start":{"line":26,"column":46},"end":{"line":26,"column":61}},"12":{"start":{"line":27,"column":28},"end":{"line":27,"column":69}},"13":{"start":{"line":27,"column":63},"end":{"line":27,"column":68}},"14":{"start":{"line":29,"column":16},"end":{"line":34,"column":17}},"15":{"start":{"line":30,"column":20},"end":{"line":33,"column":22}},"16":{"start":{"line":37,"column":16},"end":{"line":40,"column":18}},"17":{"start":{"line":43,"column":8},"end":{"line":43,"column":28}},"18":{"start":{"line":46,"column":8},"end":{"line":46,"column":23}},"19":{"start":{"line":47,"column":8},"end":{"line":47,"column":59}},"20":{"start":{"line":48,"column":8},"end":{"line":48,"column":24}},"21":{"start":{"line":57,"column":29},"end":{"line":69,"column":1}},"22":{"start":{"line":58,"column":4},"end":{"line":68,"column":5}},"23":{"start":{"line":59,"column":32},"end":{"line":59,"column":58}},"24":{"start":{"line":60,"column":27},"end":{"line":62,"column":9}},"25":{"start":{"line":61,"column":22},"end":{"line":61,"column":53}},"26":{"start":{"line":63,"column":8},"end":{"line":63,"column":28}},"27":{"start":{"line":65,"column":8},"end":{"line":65,"column":24}},"28":{"start":{"line":66,"column":8},"end":{"line":66,"column":61}},"29":{"start":{"line":67,"column":8},"end":{"line":67,"column":18}},"30":{"start":{"line":76,"column":18},"end":{"line":78,"column":1}},"31":{"start":{"line":77,"column":4},"end":{"line":77,"column":82}},"32":{"start":{"line":77,"column":37},"end":{"line":77,"column":80}},"33":{"start":{"line":80,"column":0},"end":{"line":80,"column":100}}},"fnMap":{"0":{"name":"(anonymous_0)","decl":{"start":{"line":11,"column":23},"end":{"line":11,"column":24}},"loc":{"start":{"line":11,"column":50},"end":{"line":13,"column":1}},"line":11},"1":{"name":"(anonymous_1)","decl":{"start":{"line":12,"column":21},"end":{"line":12,"column":22}},"loc":{"start":{"line":12,"column":35},"end":{"line":12,"column":66}},"line":12},"2":{"name":"(anonymous_2)","decl":{"start":{"line":21,"column":38},"end":{"line":21,"column":39}},"loc":{"start":{"line":21,"column":49},"end":{"line":50,"column":1}},"line":21},"3":{"name":"(anonymous_3)","decl":{"start":{"line":27,"column":55},"end":{"line":27,"column":56}},"loc":{"start":{"line":27,"column":63},"end":{"line":27,"column":68}},"line":27},"4":{"name":"(anonymous_4)","decl":{"start":{"line":57,"column":29},"end":{"line":57,"column":30}},"loc":{"start":{"line":57,"column":45},"end":{"line":69,"column":1}},"line":57},"5":{"name":"(anonymous_5)","decl":{"start":{"line":61,"column":12},"end":{"line":61,"column":13}},"loc":{"start":{"line":61,"column":22},"end":{"line":61,"column":53}},"line":61},"6":{"name":"(anonymous_6)","decl":{"start":{"line":76,"column":18},"end":{"line":76,"column":19}},"loc":{"start":{"line":76,"column":29},"end":{"line":78,"column":1}},"line":76},"7":{"name":"(anonymous_7)","decl":{"start":{"line":77,"column":27},"end":{"line":77,"column":28}},"loc":{"start":{"line":77,"column":37},"end":{"line":77,"column":80}},"line":77}},"branchMap":{"0":{"loc":{"start":{"line":25,"column":12},"end":{"line":41,"column":13}},"type":"if","locations":[{"start":{"line":25,"column":12},"end":{"line":41,"column":13}},{"start":{"line":36,"column":17},"end":{"line":41,"column":13}}],"line":25},"1":{"loc":{"start":{"line":29,"column":16},"end":{"line":34,"column":17}},"type":"if","locations":[{"start":{"line":29,"column":16},"end":{"line":34,"column":17}},{"start":{},"end":{}}],"line":29},"2":{"loc":{"start":{"line":29,"column":20},"end":{"line":29,"column":40}},"type":"binary-expr","locations":[{"start":{"line":29,"column":20},"end":{"line":29,"column":31}},{"start":{"line":29,"column":35},"end":{"line":29,"column":40}}],"line":29}},"s":{"0":2,"1":2,"2":2,"3":2,"4":0,"5":0,"6":2,"7":2,"8":2,"9":2,"10":2,"11":0,"12":0,"13":0,"14":0,"15":0,"16":2,"17":2,"18":0,"19":0,"20":0,"21":2,"22":2,"23":2,"24":2,"25":8,"26":2,"27":0,"28":0,"29":0,"30":2,"31":1,"32":2,"33":2},"f":{"0":0,"1":0,"2":2,"3":0,"4":2,"5":8,"6":1,"7":2},"b":{"0":[0,2],"1":[0,0],"2":[0,0]},"_coverageSchema":"1a1c01bbd47fc00a2c39e90264f33305004495a9","hash":"7dfb25636b66cf4db42adcddbe383fc4a1aafe0a"}
,"/home/sabin/Desktop/pdf/parser.js": {"path":"/home/sabin/Desktop/pdf/parser.js","statementMap":{"0":{"start":{"line":1,"column":18},"end":{"line":1,"column":34}},"1":{"start":{"line":7,"column":4},"end":{"line":7,"column":24}},"2":{"start":{"line":10,"column":0},"end":{"line":37,"column":1}},"3":{"start":{"line":11,"column":20},"end":{"line":11,"column":22}},"4":{"start":{"line":13,"column":4},"end":{"line":20,"column":5}},"5":{"start":{"line":15,"column":8},"end":{"line":15,"column":54}},"6":{"start":{"line":17,"column":8},"end":{"line":17,"column":77}},"7":{"start":{"line":19,"column":8},"end":{"line":19,"column":41}},"8":{"start":{"line":22,"column":4},"end":{"line":24,"column":5}},"9":{"start":{"line":23,"column":8},"end":{"line":23,"column":26}},"10":{"start":{"line":26,"column":4},"end":{"line":26,"column":56}},"11":{"start":{"line":28,"column":4},"end":{"line":28,"column":28}},"12":{"start":{"line":30,"column":21},"end":{"line":30,"column":43}},"13":{"start":{"line":31,"column":4},"end":{"line":34,"column":5}},"14":{"start":{"line":32,"column":8},"end":{"line":32,"column":41}},"15":{"start":{"line":33,"column":8},"end":{"line":33,"column":15}},"16":{"start":{"line":36,"column":4},"end":{"line":36,"column":54}}},"fnMap":{"0":{"name":"(anonymous_0)","decl":{"start":{"line":10,"column":17},"end":{"line":10,"column":18}},"loc":{"start":{"line":10,"column":54},"end":{"line":37,"column":1}},"line":10}},"branchMap":{"0":{"loc":{"start":{"line":13,"column":4},"end":{"line":20,"column":5}},"type":"if","locations":[{"start":{"line":13,"column":4},"end":{"line":20,"column":5}},{"start":{},"end":{}}],"line":13},"1":{"loc":{"start":{"line":22,"column":4},"end":{"line":24,"column":5}},"type":"if","locations":[{"start":{"line":22,"column":4},"end":{"line":24,"column":5}},{"start":{},"end":{}}],"line":22},"2":{"loc":{"start":{"line":30,"column":21},"end":{"line":30,"column":43}},"type":"binary-expr","locations":[{"start":{"line":30,"column":21},"end":{"line":30,"column":27}},{"start":{"line":30,"column":31},"end":{"line":30,"column":43}}],"line":30},"3":{"loc":{"start":{"line":31,"column":4},"end":{"line":34,"column":5}},"type":"if","locations":[{"start":{"line":31,"column":4},"end":{"line":34,"column":5}},{"start":{},"end":{}}],"line":31}},"s":{"0":1,"1":1,"2":1,"3":2,"4":2,"5":0,"6":0,"7":0,"8":2,"9":1,"10":2,"11":2,"12":2,"13":2,"14":1,"15":1,"16":1},"f":{"0":2},"b":{"0":[0,2],"1":[1,1],"2":[2,0],"3":[1,1]},"_coverageSchema":"1a1c01bbd47fc00a2c39e90264f33305004495a9","hash":"002eefad7e3cf1c2d5fbfecdd74aca46a9371e3d"}
,"/home/sabin/Desktop/pdf/pdf.js": {"path":"/home/sabin/Desktop/pdf/pdf.js","statementMap":{"0":{"start":{"line":1,"column":18},"end":{"line":1,"column":42}},"1":{"start":{"line":2,"column":17},"end":{"line":5,"column":1}},"2":{"start":{"line":13,"column":0},"end":{"line":31,"column":2}},"3":{"start":{"line":14,"column":19},"end":{"line":14,"column":34}},"4":{"start":{"line":15,"column":4},"end":{"line":15,"column":39}},"5":{"start":{"line":16,"column":4},"end":{"line":30,"column":5}},"6":{"start":{"line":17,"column":8},"end":{"line":24,"column":9}},"7":{"start":{"line":18,"column":12},"end":{"line":23,"column":13}},"8":{"start":{"line":19,"column":16},"end":{"line":19,"column":63}},"9":{"start":{"line":22,"column":16},"end":{"line":22,"column":113}},"10":{"start":{"line":25,"column":8},"end":{"line":25,"column":38}},"11":{"start":{"line":26,"column":8},"end":{"line":26,"column":92}},"12":{"start":{"line":28,"column":8},"end":{"line":28,"column":91}},"13":{"start":{"line":29,"column":8},"end":{"line":29,"column":26}}},"fnMap":{"0":{"name":"(anonymous_0)","decl":{"start":{"line":13,"column":17},"end":{"line":13,"column":18}},"loc":{"start":{"line":13,"column":50},"end":{"line":31,"column":1}},"line":13}},"branchMap":{"0":{"loc":{"start":{"line":19,"column":44},"end":{"line":19,"column":62}},"type":"binary-expr","locations":[{"start":{"line":19,"column":44},"end":{"line":19,"column":54}},{"start":{"line":19,"column":58},"end":{"line":19,"column":62}}],"line":19}},"s":{"0":2,"1":2,"2":2,"3":2,"4":2,"5":2,"6":2,"7":4,"8":4,"9":2,"10":2,"11":2,"12":0,"13":0},"f":{"0":2},"b":{"0":[4,2]},"_coverageSchema":"1a1c01bbd47fc00a2c39e90264f33305004495a9","hash":"808cf76d6ea89d2e03f8608aa2821012062aafbe"}
}
