TN:
SF:fsUtils.js
FN:11,(anonymous_0)
FN:12,(anonymous_1)
FN:21,(anonymous_2)
FN:27,(anonymous_3)
FN:57,(anonymous_4)
FN:61,(anonymous_5)
FN:76,(anonymous_6)
FN:77,(anonymous_7)
FNF:8
FNH:5
FNDA:0,(anonymous_0)
FNDA:0,(anonymous_1)
FNDA:2,(anonymous_2)
FNDA:0,(anonymous_3)
FNDA:2,(anonymous_4)
FNDA:8,(anonymous_5)
FNDA:1,(anonymous_6)
FNDA:2,(anonymous_7)
DA:1,2
DA:2,2
DA:3,2
DA:11,2
DA:12,0
DA:21,2
DA:22,2
DA:23,2
DA:24,2
DA:25,2
DA:26,0
DA:27,0
DA:29,0
DA:30,0
DA:37,2
DA:43,2
DA:46,0
DA:47,0
DA:48,0
DA:57,2
DA:58,2
DA:59,2
DA:60,2
DA:61,8
DA:63,2
DA:65,0
DA:66,0
DA:67,0
DA:76,2
DA:77,2
DA:80,2
LF:31
LH:20
BRDA:25,0,0,0
BRDA:25,0,1,2
BRDA:29,1,0,0
BRDA:29,1,1,0
BRDA:29,2,0,0
BRDA:29,2,1,0
BRF:6
BRH:1
end_of_record
TN:
SF:parser.js
FN:11,(anonymous_0)
FNF:1
FNH:1
FNDA:2,(anonymous_0)
DA:2,1
DA:8,1
DA:11,1
DA:12,2
DA:14,2
DA:16,0
DA:18,0
DA:20,0
DA:23,2
DA:24,1
DA:27,2
DA:29,2
DA:31,2
DA:32,2
DA:33,1
DA:34,1
DA:37,1
LF:17
LH:14
BRDA:14,0,0,0
BRDA:14,0,1,2
BRDA:23,1,0,1
BRDA:23,1,1,1
BRDA:31,2,0,2
BRDA:31,2,1,0
BRDA:32,3,0,1
BRDA:32,3,1,1
BRF:8
BRH:6
end_of_record
TN:
SF:pdf.js
FN:13,(anonymous_0)
FNF:1
FNH:1
FNDA:2,(anonymous_0)
DA:1,2
DA:2,2
DA:13,2
DA:14,2
DA:15,2
DA:16,2
DA:17,2
DA:18,4
DA:19,4
DA:22,2
DA:25,2
DA:26,2
DA:28,0
DA:29,0
LF:14
LH:12
BRDA:19,0,0,4
BRDA:19,0,1,2
BRF:2
BRH:2
end_of_record
